<?xml version="1.0" encoding="utf-8"?><testsuites name="pytest tests"><testsuite name="pytest" errors="0" failures="0" skipped="0" tests="10" time="2.553" timestamp="2026-04-18T16:54:35.082150+00:00" hostname="agent-env-86ffe87b-827a-401f-8a93-c2e00c28f01b"><testcase classname="backend.tests.backend_test.TestAuth" name="test_login_success" time="0.407" /><testcase classname="backend.tests.backend_test.TestAuth" name="test_login_invalid" time="0.133" /><testcase classname="backend.tests.backend_test.TestForgotReset" name="test_forgot_password_valid_email" time="0.116" /><testcase classname="backend.tests.backend_test.TestForgotReset" name="test_forgot_password_invalid_email_no_enumeration" time="0.124" /><testcase classname="backend.tests.backend_test.TestForgotReset" name="test_reset_password_and_reuse_blocked" time="1.036" /><testcase classname="backend.tests.backend_test.TestForgotReset" name="test_reset_password_invalid_token" time="0.123" /><testcase classname="backend.tests.backend_test.TestTenants" name="test_create_tenant" time="0.294" /><testcase classname="backend.tests.backend_test.TestTenants" name="test_list_tenants_has_id" time="0.047" /><testcase classname="backend.tests.backend_test.TestVenues" name="test_list_venues_has_id" time="0.051" /><testcase classname="backend.tests.backend_test.TestCourts" name="test_list_courts_has_id" time="0.045" /></testsuite></testsuites>