<?xml version="1.0" encoding="utf-8"?><testsuites name="pytest tests"><testsuite name="pytest" errors="0" failures="0" skipped="0" tests="24" time="5.273" timestamp="2026-04-18T17:09:23.690680+00:00" hostname="agent-env-86ffe87b-827a-401f-8a93-c2e00c28f01b"><testcase classname="backend.tests.backend_test.TestAuth" name="test_login_success" time="0.358" /><testcase classname="backend.tests.backend_test.TestAuth" name="test_login_invalid" time="0.136" /><testcase classname="backend.tests.backend_test.TestAuth" name="test_login_four_failures_then_success" time="1.477" /><testcase classname="backend.tests.backend_test.TestAuth" name="test_me_with_cookie" time="0.406" /><testcase classname="backend.tests.backend_test.TestAuth" name="test_logout_clears_cookies" time="0.488" /><testcase classname="backend.tests.backend_test.TestForgotReset" name="test_forgot_password_valid_email" time="0.117" /><testcase classname="backend.tests.backend_test.TestForgotReset" name="test_forgot_password_invalid_email_no_enumeration" time="0.115" /><testcase classname="backend.tests.backend_test.TestForgotReset" name="test_reset_password_and_reuse_blocked" time="0.571" /><testcase classname="backend.tests.backend_test.TestForgotReset" name="test_reset_password_invalid_token" time="0.109" /><testcase classname="backend.tests.backend_test.TestTenants" name="test_create_tenant" time="0.283" /><testcase classname="backend.tests.backend_test.TestTenants" name="test_list_tenants_has_id" time="0.049" /><testcase classname="backend.tests.backend_test.TestTenants" name="test_get_single_tenant" time="0.051" /><testcase classname="backend.tests.backend_test.TestVenues" name="test_list_venues_has_id" time="0.049" /><testcase classname="backend.tests.backend_test.TestVenues" name="test_create_venue" time="0.107" /><testcase classname="backend.tests.backend_test.TestCourts" name="test_list_courts_has_id" time="0.047" /><testcase classname="backend.tests.backend_test.TestCourts" name="test_create_court" time="0.058" /><testcase classname="backend.tests.backend_test.TestBookings" name="test_list_bookings_has_id" time="0.049" /><testcase classname="backend.tests.backend_test.TestBookings" name="test_create_booking_and_conflict_detected" time="0.107" /><testcase classname="backend.tests.backend_test.TestCustomers" name="test_list_customers_has_id" time="0.050" /><testcase classname="backend.tests.backend_test.TestAnalytics" name="test_dashboard" time="0.052" /><testcase classname="backend.tests.backend_test.TestSubscriptions" name="test_plans_returns_three" time="0.117" /><testcase classname="backend.tests.backend_test.TestPublic" name="test_public_tenant" time="0.125" /><testcase classname="backend.tests.backend_test.TestPublic" name="test_public_venue_with_courts" time="0.155" /><testcase classname="backend.tests.backend_test.TestPricing" name="test_list_pricing_has_id" time="0.049" /></testsuite></testsuites>