<?xml version="1.0" encoding="utf-8"?><testsuites name="pytest tests"><testsuite name="pytest" errors="0" failures="0" skipped="0" tests="5" time="1.620" timestamp="2026-04-18T17:18:33.138788+00:00" hostname="agent-env-86ffe87b-827a-401f-8a93-c2e00c28f01b"><testcase classname="backend.tests.test_register_tenant.TestRegisterTenant" name="test_register_tenant_success" time="0.459" /><testcase classname="backend.tests.test_register_tenant.TestRegisterTenant" name="test_duplicate_email_returns_400" time="0.131" /><testcase classname="backend.tests.test_register_tenant.TestRegisterTenant" name="test_duplicate_subdomain_returns_400" time="0.107" /><testcase classname="backend.tests.test_register_tenant.TestRegisterTenant" name="test_new_tenant_visible_to_super_admin" time="0.400" /><testcase classname="backend.tests.test_register_tenant.TestRegisterTenant" name="test_new_user_can_login_and_me_returns_tenant_admin" time="0.378" /></testsuite></testsuites>