<?xml version="1.0" encoding="utf-8"?><testsuites name="pytest tests"><testsuite name="pytest" errors="0" failures="0" skipped="0" tests="18" time="3.019" timestamp="2026-04-19T04:58:39.954350+00:00" hostname="agent-env-86ffe87b-827a-401f-8a93-c2e00c28f01b"><testcase classname="backend.tests.test_super_admin_global_view.TestSuperAdminGlobalView" name="test_courts_global_view_aggregates_all_tenants" time="1.080" /><testcase classname="backend.tests.test_super_admin_global_view.TestSuperAdminGlobalView" name="test_courts_with_tenant_id_filter" time="0.041" /><testcase classname="backend.tests.test_super_admin_global_view.TestSuperAdminGlobalView" name="test_customers_global_view_no_error" time="0.083" /><testcase classname="backend.tests.test_super_admin_global_view.TestSuperAdminGlobalView" name="test_customers_with_tenant_id_filter" time="0.044" /><testcase classname="backend.tests.test_super_admin_global_view.TestSuperAdminGlobalView" name="test_pricing_global_view_no_error" time="0.044" /><testcase classname="backend.tests.test_super_admin_global_view.TestSuperAdminGlobalView" name="test_pricing_with_tenant_id_filter" time="0.081" /><testcase classname="backend.tests.test_super_admin_global_view.TestTenantAdminScoping" name="test_tenant_admin_courts_only_own_tenant" time="0.417" /><testcase classname="backend.tests.test_super_admin_global_view.TestTenantAdminScoping" name="test_tenant_admin_customers_only_own_tenant" time="0.046" /><testcase classname="backend.tests.test_super_admin_global_view.TestTenantAdminScoping" name="test_tenant_admin_cannot_bypass_with_query_param" time="0.044" /><testcase classname="backend.tests.test_super_admin_global_view.TestLifespanStartup" name="test_users_email_unique_index_exists" time="0.001" /><testcase classname="backend.tests.test_super_admin_global_view.TestLifespanStartup" name="test_tenants_subdomain_unique_index_exists" time="0.000" /><testcase classname="backend.tests.test_super_admin_global_view.TestLifespanStartup" name="test_password_reset_ttl_index_exists" time="0.000" /><testcase classname="backend.tests.test_super_admin_global_view.TestLifespanStartup" name="test_admin_seeded_and_can_login" time="0.362" /><testcase classname="backend.tests.test_super_admin_global_view.TestRegressionSmoke" name="test_register_tenant_still_works" time="0.344" /><testcase classname="backend.tests.test_super_admin_global_view.TestRegressionSmoke" name="test_forgot_password_works" time="0.139" /><testcase classname="backend.tests.test_super_admin_global_view.TestRegressionSmoke" name="test_tenants_list_works" time="0.043" /><testcase classname="backend.tests.test_super_admin_global_view.TestRegressionSmoke" name="test_venues_list_works" time="0.042" /><testcase classname="backend.tests.test_super_admin_global_view.TestRegressionSmoke" name="test_bookings_list_works" time="0.057" /></testsuite></testsuites>